[03/22/21 01:18 PM ]----------------------------------------
[03/22/21 01:18 PM ]Operating System: Windows
[03/22/21 01:18 PM ]Current User: user
[03/22/21 01:18 PM ]System Registration Key: 7952140
[03/22/21 01:18 PM ]Node Lock: 76RZQVUXDOVBB5Z
[03/22/21 01:18 PM ]
[03/22/21 01:18 PM ]----------------------------------------
[03/22/21 01:18 PM ]
[03/22/21 01:18 PM ]
[03/22/21 01:18 PM ]License: RAD Studio 10.2 Tokyo Architect
[03/22/21 01:18 PM ]The following "Registration Key" does not match the "System Registration Key" (listed at the top). This license was not loaded.
[03/22/21 01:18 PM ]Registration Key=12069518
[03/22/21 01:18 PM ]Serial Number=HNFA-NAAKAK-A3BBCL-FCPN
[03/22/21 01:18 PM ]
[03/22/21 01:18 PM ]
[03/22/21 01:18 PM ]License: RAD Studio 10.2
[03/22/21 01:18 PM ]Registration Key=0
[03/22/21 01:18 PM ]----------------------------------------
[03/22/21 01:18 PM ]Operating System: Windows
[03/22/21 01:18 PM ]Current User: user
[03/22/21 01:18 PM ]System Registration Key: 7952140
[03/22/21 01:18 PM ]Node Lock: 76RZQVUXDOVBB5Z
[03/22/21 01:18 PM ]
[03/22/21 01:18 PM ]----------------------------------------
[03/22/21 01:18 PM ]
[03/22/21 01:18 PM ]
[03/22/21 01:18 PM ]License: RAD Studio 10.2 Tokyo Architect
[03/22/21 01:18 PM ]The following "Registration Key" does not match the "System Registration Key" (listed at the top). This license was not loaded.
[03/22/21 01:18 PM ]Registration Key=12069518
[03/22/21 01:18 PM ]Serial Number=HNFA-NAAKAK-A3BBCL-FCPN
[03/22/21 01:18 PM ]
[03/22/21 01:18 PM ]
[03/22/21 01:18 PM ]License: RAD Studio 10.2
[03/22/21 01:18 PM ]Registration Key=0
[03/22/21 01:22 PM ]----------------------------------------
[03/22/21 01:22 PM ]Operating System: Windows
[03/22/21 01:22 PM ]Current User: user
[03/22/21 01:22 PM ]System Registration Key: 7952140
[03/22/21 01:22 PM ]Node Lock: 76RZQVUXDOVBB5Z
[03/22/21 01:22 PM ]
[03/22/21 01:22 PM ]----------------------------------------
[03/22/21 01:22 PM ]
[03/22/21 01:22 PM ]
[03/22/21 01:22 PM ]License: RAD Studio 10.2 Tokyo Architect
[03/22/21 01:22 PM ]The following "Registration Key" does not match the "System Registration Key" (listed at the top). This license was not loaded.
[03/22/21 01:22 PM ]Registration Key=12069518
[03/22/21 01:22 PM ]Serial Number=HNFA-NAAKAK-A3BBCL-FCPN
[03/22/21 01:22 PM ]
[03/22/21 01:22 PM ]
[03/22/21 01:22 PM ]License: RAD Studio 10.2
[03/22/21 01:22 PM ]Registration Key=0
[03/22/21 01:22 PM ]----------------------------------------
[03/22/21 01:22 PM ]Operating System: Windows
[03/22/21 01:22 PM ]Current User: user
[03/22/21 01:22 PM ]System Registration Key: 7952140
[03/22/21 01:22 PM ]Node Lock: 76RZQVUXDOVBB5Z
[03/22/21 01:22 PM ]
[03/22/21 01:22 PM ]----------------------------------------
[03/22/21 01:22 PM ]
[03/22/21 01:22 PM ]
[03/22/21 01:22 PM ]License: RAD Studio 10.2 Tokyo Architect
[03/22/21 01:22 PM ]The following "Registration Key" does not match the "System Registration Key" (listed at the top). This license was not loaded.
[03/22/21 01:22 PM ]Registration Key=12069518
[03/22/21 01:22 PM ]Serial Number=HNFA-NAAKAK-A3BBCL-FCPN
[03/22/21 01:22 PM ]
[03/22/21 01:22 PM ]
[03/22/21 01:22 PM ]License: RAD Studio 10.2
[03/22/21 01:22 PM ]Registration Key=0
[03/22/21 01:22 PM ]----------------------------------------
[03/22/21 01:22 PM ]Operating System: Windows
[03/22/21 01:22 PM ]Current User: user
[03/22/21 01:22 PM ]System Registration Key: 7952140
[03/22/21 01:22 PM ]Node Lock: 76RZQVUXDOVBB5Z
[03/22/21 01:22 PM ]
[03/22/21 01:22 PM ]----------------------------------------
[03/22/21 01:22 PM ]
[03/22/21 01:22 PM ]
[03/22/21 01:22 PM ]License: RAD Studio 10.2 Tokyo Architect
[03/22/21 01:22 PM ]The following "Registration Key" does not match the "System Registration Key" (listed at the top). This license was not loaded.
[03/22/21 01:22 PM ]Registration Key=12069518
[03/22/21 01:22 PM ]Serial Number=HNFA-NAAKAK-A3BBCL-FCPN
[03/22/21 01:22 PM ]
[03/22/21 01:22 PM ]
[03/22/21 01:22 PM ]License: RAD Studio 10.2
[03/22/21 01:22 PM ]Registration Key=0
[03/22/21 01:22 PM ]----------------------------------------
[03/22/21 01:22 PM ]Operating System: Windows
[03/22/21 01:22 PM ]Current User: user
[03/22/21 01:22 PM ]System Registration Key: 7952140
[03/22/21 01:22 PM ]Node Lock: 76RZQVUXDOVBB5Z
[03/22/21 01:22 PM ]
[03/22/21 01:22 PM ]----------------------------------------
[03/22/21 01:22 PM ]
[03/22/21 01:22 PM ]
[03/22/21 01:22 PM ]License: RAD Studio 10.2 Tokyo Architect
[03/22/21 01:22 PM ]The following "Registration Key" does not match the "System Registration Key" (listed at the top). This license was not loaded.
[03/22/21 01:22 PM ]Registration Key=12069518
[03/22/21 01:22 PM ]Serial Number=HNFA-NAAKAK-A3BBCL-FCPN
[03/22/21 01:22 PM ]
[03/22/21 01:22 PM ]
[03/22/21 01:22 PM ]License: RAD Studio 10.2
[03/22/21 01:22 PM ]Registration Key=0
[03/22/21 01:22 PM ]----------------------------------------
[03/22/21 01:22 PM ]Operating System: Windows
[03/22/21 01:22 PM ]Current User: user
[03/22/21 01:22 PM ]System Registration Key: 7952140
[03/22/21 01:22 PM ]Node Lock: 76RZQVUXDOVBB5Z
[03/22/21 01:22 PM ]
[03/22/21 01:22 PM ]----------------------------------------
[03/22/21 01:22 PM ]
[03/22/21 01:22 PM ]
[03/22/21 01:22 PM ]License: RAD Studio 10.2 Tokyo Architect
[03/22/21 01:22 PM ]The following "Registration Key" does not match the "System Registration Key" (listed at the top). This license was not loaded.
[03/22/21 01:22 PM ]Registration Key=12069518
[03/22/21 01:22 PM ]Serial Number=HNFA-NAAKAK-A3BBCL-FCPN
[03/22/21 01:22 PM ]
[03/22/21 01:22 PM ]
[03/22/21 01:22 PM ]License: RAD Studio 10.2
[03/22/21 01:22 PM ]Registration Key=0
[03/22/21 01:23 PM ]----------------------------------------
[03/22/21 01:23 PM ]Operating System: Windows
[03/22/21 01:23 PM ]Current User: user
[03/22/21 01:23 PM ]System Registration Key: 7952140
[03/22/21 01:23 PM ]Node Lock: 76RZQVUXDOVBB5Z
[03/22/21 01:23 PM ]
[03/22/21 01:23 PM ]----------------------------------------
[03/22/21 01:23 PM ]
[03/22/21 01:23 PM ]
[03/22/21 01:23 PM ]License: RAD Studio 10.2 Tokyo Architect
[03/22/21 01:23 PM ]The following "Registration Key" does not match the "System Registration Key" (listed at the top). This license was not loaded.
[03/22/21 01:23 PM ]Registration Key=12069518
[03/22/21 01:23 PM ]Serial Number=HNFA-NAAKAK-A3BBCL-FCPN
[03/22/21 01:23 PM ]
[03/22/21 01:23 PM ]
[03/22/21 01:23 PM ]License: RAD Studio 10.2
[03/22/21 01:23 PM ]Registration Key=0
[03/22/21 01:28 PM ]----------------------------------------
[03/22/21 01:28 PM ]Operating System: Windows
[03/22/21 01:28 PM ]Current User: user
[03/22/21 01:28 PM ]System Registration Key: 7952140
[03/22/21 01:28 PM ]Node Lock: 76RZQVUXDOVBB5Z
[03/22/21 01:28 PM ]
[03/22/21 01:28 PM ]----------------------------------------
[03/22/21 01:28 PM ]
[03/22/21 01:28 PM ]
[03/22/21 01:28 PM ]License: RAD Studio 10.2 Tokyo Architect
[03/22/21 01:28 PM ]The following "Registration Key" does not match the "System Registration Key" (listed at the top). This license was not loaded.
[03/22/21 01:28 PM ]Registration Key=12069518
[03/22/21 01:28 PM ]Serial Number=HNFA-NAAKAK-A3BBCL-FCPN
[03/22/21 01:28 PM ]
[03/22/21 01:28 PM ]
[03/22/21 01:28 PM ]License: RAD Studio 10.2
[03/22/21 01:28 PM ]Registration Key=0
[03/22/21 01:28 PM ]----------------------------------------
[03/22/21 01:28 PM ]Operating System: Windows
[03/22/21 01:28 PM ]Current User: user
[03/22/21 01:28 PM ]System Registration Key: 7952140
[03/22/21 01:28 PM ]Node Lock: 76RZQVUXDOVBB5Z
[03/22/21 01:28 PM ]
[03/22/21 01:28 PM ]----------------------------------------
[03/22/21 01:28 PM ]
[03/22/21 01:28 PM ]
[03/22/21 01:28 PM ]License: RAD Studio 10.2 Tokyo Architect
[03/22/21 01:28 PM ]The following "Registration Key" does not match the "System Registration Key" (listed at the top). This license was not loaded.
[03/22/21 01:28 PM ]Registration Key=12069518
[03/22/21 01:28 PM ]Serial Number=HNFA-NAAKAK-A3BBCL-FCPN
[03/22/21 01:28 PM ]
[03/22/21 01:28 PM ]
[03/22/21 01:28 PM ]License: RAD Studio 10.2
[03/22/21 01:28 PM ]Registration Key=0
[03/22/21 01:28 PM ]----------------------------------------
[03/22/21 01:28 PM ]Operating System: Windows
[03/22/21 01:28 PM ]Current User: user
[03/22/21 01:28 PM ]System Registration Key: 7952140
[03/22/21 01:28 PM ]Node Lock: 76RZQVUXDOVBB5Z
[03/22/21 01:28 PM ]
[03/22/21 01:28 PM ]----------------------------------------
[03/22/21 01:28 PM ]
[03/22/21 01:28 PM ]
[03/22/21 01:28 PM ]License: RAD Studio 10.2 Tokyo Architect
[03/22/21 01:28 PM ]The following "Registration Key" does not match the "System Registration Key" (listed at the top). This license was not loaded.
[03/22/21 01:28 PM ]Registration Key=12069518
[03/22/21 01:28 PM ]Serial Number=HNFA-NAAKAK-A3BBCL-FCPN
[03/22/21 01:28 PM ]
[03/22/21 01:28 PM ]
[03/22/21 01:28 PM ]License: RAD Studio 10.2
[03/22/21 01:28 PM ]Registration Key=0
[03/22/21 01:28 PM ]----------------------------------------
[03/22/21 01:28 PM ]Operating System: Windows
[03/22/21 01:28 PM ]Current User: user
[03/22/21 01:28 PM ]System Registration Key: 7952140
[03/22/21 01:28 PM ]Node Lock: 76RZQVUXDOVBB5Z
[03/22/21 01:28 PM ]
[03/22/21 01:28 PM ]----------------------------------------
[03/22/21 01:28 PM ]
[03/22/21 01:28 PM ]
[03/22/21 01:28 PM ]License: RAD Studio 10.2 Tokyo Architect
[03/22/21 01:28 PM ]The following "Registration Key" does not match the "System Registration Key" (listed at the top). This license was not loaded.
[03/22/21 01:28 PM ]Registration Key=12069518
[03/22/21 01:28 PM ]Serial Number=HNFA-NAAKAK-A3BBCL-FCPN
[03/22/21 01:28 PM ]
[03/22/21 01:28 PM ]
[03/22/21 01:28 PM ]License: RAD Studio 10.2
[03/22/21 01:28 PM ]Registration Key=0
[03/22/21 01:28 PM ]----------------------------------------
[03/22/21 01:28 PM ]Operating System: Windows
[03/22/21 01:28 PM ]Current User: user
[03/22/21 01:28 PM ]System Registration Key: 7952140
[03/22/21 01:28 PM ]Node Lock: 76RZQVUXDOVBB5Z
[03/22/21 01:28 PM ]
[03/22/21 01:28 PM ]----------------------------------------
[03/22/21 01:28 PM ]
[03/22/21 01:28 PM ]
[03/22/21 01:28 PM ]License: RAD Studio 10.2 Tokyo Architect
[03/22/21 01:28 PM ]The following "Registration Key" does not match the "System Registration Key" (listed at the top). This license was not loaded.
[03/22/21 01:28 PM ]Registration Key=12069518
[03/22/21 01:28 PM ]Serial Number=HNFA-NAAKAK-A3BBCL-FCPN
[03/22/21 01:28 PM ]
[03/22/21 01:28 PM ]
[03/22/21 01:28 PM ]License: RAD Studio 10.2
[03/22/21 01:28 PM ]Registration Key=0
[03/22/21 01:28 PM ]----------------------------------------
[03/22/21 01:28 PM ]Operating System: Windows
[03/22/21 01:28 PM ]Current User: user
[03/22/21 01:28 PM ]System Registration Key: 7952140
[03/22/21 01:28 PM ]Node Lock: 76RZQVUXDOVBB5Z
[03/22/21 01:28 PM ]
[03/22/21 01:28 PM ]----------------------------------------
[03/22/21 01:28 PM ]
[03/22/21 01:28 PM ]
[03/22/21 01:28 PM ]License: RAD Studio 10.2 Tokyo Architect
[03/22/21 01:28 PM ]The following "Registration Key" does not match the "System Registration Key" (listed at the top). This license was not loaded.
[03/22/21 01:28 PM ]Registration Key=12069518
[03/22/21 01:28 PM ]Serial Number=HNFA-NAAKAK-A3BBCL-FCPN
[03/22/21 01:28 PM ]
[03/22/21 01:28 PM ]
[03/22/21 01:28 PM ]License: RAD Studio 10.2
[03/22/21 01:28 PM ]Registration Key=0
[03/22/21 01:28 PM ]----------------------------------------
[03/22/21 01:28 PM ]Operating System: Windows
[03/22/21 01:28 PM ]Current User: user
[03/22/21 01:28 PM ]System Registration Key: 7952140
[03/22/21 01:28 PM ]Node Lock: 76RZQVUXDOVBB5Z
[03/22/21 01:28 PM ]
[03/22/21 01:28 PM ]----------------------------------------
[03/22/21 01:28 PM ]
[03/22/21 01:28 PM ]
[03/22/21 01:28 PM ]License: RAD Studio 10.2 Tokyo Architect
[03/22/21 01:28 PM ]Registration Key=7952140
[03/22/21 01:28 PM ]Serial Number=CNFA-NAADND-FCBBCL-FCPN
[03/22/21 01:28 PM ]
[03/22/21 01:28 PM ]
[03/22/21 01:28 PM ]License: RAD Studio 10.2
[03/22/21 01:28 PM ]Registration Key=0
[03/22/21 01:28 PM ][Subscription Client] [22/03/2021 13:28:43] DEBUG: License verification thread has started.  The following ids have been submitted to Subscription Monitor: ProductID=>8219,ProductID=>8219,ProductID=>2025,
[03/22/21 01:28 PM ][Subscription Client] [22/03/2021 13:28:46] DEBUG: The connection to SRS failed.  This is a primary license, therefore this connection error is ignored.
[03/22/21 03:02 PM ]----------------------------------------
[03/22/21 03:02 PM ]Operating System: Windows
[03/22/21 03:02 PM ]Current User: user
[03/22/21 03:02 PM ]System Registration Key: 7952140
[03/22/21 03:02 PM ]Node Lock: 76RZQVUXDOVBB5Z
[03/22/21 03:02 PM ]
[03/22/21 03:02 PM ]----------------------------------------
[03/22/21 03:02 PM ]
[03/22/21 03:02 PM ]
[03/22/21 03:02 PM ]License: RAD Studio 10.2 Tokyo Architect
[03/22/21 03:02 PM ]Registration Key=7952140
[03/22/21 03:02 PM ]Serial Number=CNFA-NAADND-FCBBCL-FCPN
[03/22/21 03:02 PM ]
[03/22/21 03:02 PM ]
[03/22/21 03:02 PM ]License: RAD Studio 10.2
[03/22/21 03:02 PM ]Registration Key=0
[03/22/21 03:02 PM ][Subscription Client] [22/03/2021 15:02:39] DEBUG: License verification thread has started.  The following ids have been submitted to Subscription Monitor: ProductID=>8219,ProductID=>8219,ProductID=>2025,
[03/22/21 03:02 PM ][Subscription Client] [22/03/2021 15:02:42] DEBUG: The connection to SRS failed.  This is a primary license, therefore this connection error is ignored.
[03/22/21 03:33 PM ]----------------------------------------
[03/22/21 03:33 PM ]Operating System: Windows
[03/22/21 03:33 PM ]Current User: user
[03/22/21 03:33 PM ]System Registration Key: 7952140
[03/22/21 03:33 PM ]Node Lock: 76RZQVUXDOVBB5Z
[03/22/21 03:33 PM ]
[03/22/21 03:33 PM ]----------------------------------------
[03/22/21 03:33 PM ]
[03/22/21 03:33 PM ]
[03/22/21 03:33 PM ]License: RAD Studio 10.2 Tokyo Architect
[03/22/21 03:33 PM ]Registration Key=7952140
[03/22/21 03:33 PM ]Serial Number=CNFA-NAADND-FCBBCL-FCPN
[03/22/21 03:33 PM ]
[03/22/21 03:33 PM ]
[03/22/21 03:33 PM ]License: RAD Studio 10.2
[03/22/21 03:33 PM ]Registration Key=0
[03/22/21 03:33 PM ][Subscription Client] [22/03/2021 15:33:24] DEBUG: License verification thread has started.  The following ids have been submitted to Subscription Monitor: ProductID=>8219,ProductID=>8219,ProductID=>2025,
[03/22/21 03:33 PM ][Subscription Client] [22/03/2021 15:33:26] DEBUG: The connection to SRS failed.  This is a primary license, therefore this connection error is ignored.
[03/22/21 07:43 PM ]----------------------------------------
[03/22/21 07:43 PM ]Operating System: Windows
[03/22/21 07:43 PM ]Current User: user
[03/22/21 07:43 PM ]System Registration Key: 7952140
[03/22/21 07:43 PM ]Node Lock: 76RZQVUXDOVBB5Z
[03/22/21 07:43 PM ]
[03/22/21 07:43 PM ]----------------------------------------
[03/22/21 07:43 PM ]
[03/22/21 07:43 PM ]
[03/22/21 07:43 PM ]License: RAD Studio 10.2 Tokyo Architect
[03/22/21 07:43 PM ]Registration Key=7952140
[03/22/21 07:43 PM ]Serial Number=CNFA-NAADND-FCBBCL-FCPN
[03/22/21 07:43 PM ]
[03/22/21 07:43 PM ]
[03/22/21 07:43 PM ]License: RAD Studio 10.2
[03/22/21 07:43 PM ]Registration Key=0
[03/22/21 07:43 PM ][Subscription Client] [22/03/2021 19:43:42] DEBUG: License verification thread has started.  The following ids have been submitted to Subscription Monitor: ProductID=>8219,ProductID=>8219,ProductID=>2025,
[03/22/21 07:43 PM ][Subscription Client] [22/03/2021 19:43:44] DEBUG: The connection to SRS failed.  This is a primary license, therefore this connection error is ignored.
[03/22/21 07:44 PM ]----------------------------------------
[03/22/21 07:44 PM ]Operating System: Windows
[03/22/21 07:44 PM ]Current User: user
[03/22/21 07:44 PM ]System Registration Key: 7952140
[03/22/21 07:44 PM ]Node Lock: 76RZQVUXDOVBB5Z
[03/22/21 07:44 PM ]
[03/22/21 07:44 PM ]----------------------------------------
[03/22/21 07:44 PM ]
[03/22/21 07:44 PM ]
[03/22/21 07:44 PM ]License: RAD Studio 10.2 Tokyo Architect
[03/22/21 07:44 PM ]Registration Key=7952140
[03/22/21 07:44 PM ]Serial Number=CNFA-NAADND-FCBBCL-FCPN
[03/22/21 07:44 PM ]
[03/22/21 07:44 PM ]
[03/22/21 07:44 PM ]License: RAD Studio 10.2
[03/22/21 07:44 PM ]Registration Key=0
[03/22/21 07:44 PM ][Subscription Client] [22/03/2021 19:44:38] DEBUG: License verification thread has started.  The following ids have been submitted to Subscription Monitor: ProductID=>8219,ProductID=>8219,ProductID=>2025,
[03/22/21 07:44 PM ][Subscription Client] [22/03/2021 19:44:40] DEBUG: The connection to SRS failed.  This is a primary license, therefore this connection error is ignored.
[03/22/21 07:44 PM ]----------------------------------------
[03/22/21 07:44 PM ]Operating System: Windows
[03/22/21 07:44 PM ]Current User: user
[03/22/21 07:44 PM ]System Registration Key: 7952140
[03/22/21 07:44 PM ]Node Lock: 76RZQVUXDOVBB5Z
[03/22/21 07:44 PM ]
[03/22/21 07:44 PM ]----------------------------------------
[03/22/21 07:44 PM ]
[03/22/21 07:44 PM ]
[03/22/21 07:44 PM ]License: RAD Studio 10.2 Tokyo Architect
[03/22/21 07:44 PM ]Registration Key=7952140
[03/22/21 07:44 PM ]Serial Number=CNFA-NAADND-FCBBCL-FCPN
[03/22/21 07:44 PM ]
[03/22/21 07:44 PM ]
[03/22/21 07:44 PM ]License: RAD Studio 10.2
[03/22/21 07:44 PM ]Registration Key=0
[03/22/21 07:44 PM ][Subscription Client] [22/03/2021 19:44:59] DEBUG: License verification thread has started.  The following ids have been submitted to Subscription Monitor: ProductID=>8219,ProductID=>8219,ProductID=>2025,
[03/22/21 07:45 PM ][Subscription Client] [22/03/2021 19:45:01] DEBUG: The connection to SRS failed.  This is a primary license, therefore this connection error is ignored.
[03/23/21 08:04 AM ]----------------------------------------
[03/23/21 08:04 AM ]Operating System: Windows
[03/23/21 08:04 AM ]Current User: user
[03/23/21 08:04 AM ]System Registration Key: 7952140
[03/23/21 08:04 AM ]Node Lock: 76RZQVUXDOVBB5Z
[03/23/21 08:04 AM ]
[03/23/21 08:04 AM ]----------------------------------------
[03/23/21 08:04 AM ]
[03/23/21 08:04 AM ]
[03/23/21 08:04 AM ]License: RAD Studio 10.2 Tokyo Architect
[03/23/21 08:04 AM ]Registration Key=7952140
[03/23/21 08:04 AM ]Serial Number=CNFA-NAADND-FCBBCL-FCPN
[03/23/21 08:04 AM ]
[03/23/21 08:04 AM ]
[03/23/21 08:04 AM ]License: RAD Studio 10.2
[03/23/21 08:04 AM ]Registration Key=0
[03/23/21 08:04 AM ][Subscription Client] [23/03/2021 08:04:47] DEBUG: License verification thread has started.  The following ids have been submitted to Subscription Monitor: ProductID=>8219,ProductID=>8219,ProductID=>2025,
[03/23/21 08:04 AM ][Subscription Client] [23/03/2021 08:04:49] DEBUG: The connection to SRS failed.  This is a primary license, therefore this connection error is ignored.
[03/23/21 08:17 AM ]----------------------------------------
[03/23/21 08:17 AM ]Operating System: Windows
[03/23/21 08:17 AM ]Current User: user
[03/23/21 08:17 AM ]System Registration Key: 7952140
[03/23/21 08:17 AM ]Node Lock: 76RZQVUXDOVBB5Z
[03/23/21 08:17 AM ]
[03/23/21 08:17 AM ]----------------------------------------
[03/23/21 08:17 AM ]
[03/23/21 08:17 AM ]
[03/23/21 08:17 AM ]License: RAD Studio 10.2 Tokyo Architect
[03/23/21 08:17 AM ]Registration Key=7952140
[03/23/21 08:17 AM ]Serial Number=CNFA-NAADND-FCBBCL-FCPN
[03/23/21 08:17 AM ]
[03/23/21 08:17 AM ]
[03/23/21 08:17 AM ]License: RAD Studio 10.2
[03/23/21 08:17 AM ]Registration Key=0
[03/23/21 08:17 AM ][Subscription Client] [23/03/2021 08:17:22] DEBUG: License verification thread has started.  The following ids have been submitted to Subscription Monitor: ProductID=>8219,ProductID=>8219,ProductID=>2025,
[03/23/21 08:17 AM ][Subscription Client] [23/03/2021 08:17:24] DEBUG: The connection to SRS failed.  This is a primary license, therefore this connection error is ignored.
[03/23/21 08:27 AM ]----------------------------------------
[03/23/21 08:27 AM ]Operating System: Windows
[03/23/21 08:27 AM ]Current User: user
[03/23/21 08:27 AM ]System Registration Key: 7952140
[03/23/21 08:27 AM ]Node Lock: 76RZQVUXDOVBB5Z
[03/23/21 08:27 AM ]
[03/23/21 08:27 AM ]----------------------------------------
[03/23/21 08:27 AM ]
[03/23/21 08:27 AM ]
[03/23/21 08:27 AM ]License: RAD Studio 10.2 Tokyo Architect
[03/23/21 08:27 AM ]Registration Key=7952140
[03/23/21 08:27 AM ]Serial Number=CNFA-NAADND-FCBBCL-FCPN
[03/23/21 08:27 AM ]
[03/23/21 08:27 AM ]
[03/23/21 08:27 AM ]License: RAD Studio 10.2
[03/23/21 08:27 AM ]Registration Key=0
[03/23/21 08:27 AM ][Subscription Client] [23/03/2021 08:27:11] DEBUG: License verification thread has started.  The following ids have been submitted to Subscription Monitor: ProductID=>8219,ProductID=>8219,ProductID=>2025,
[03/23/21 08:27 AM ][Subscription Client] [23/03/2021 08:27:14] DEBUG: The connection to SRS failed.  This is a primary license, therefore this connection error is ignored.
[03/23/21 06:11 PM ]----------------------------------------
[03/23/21 06:11 PM ]Operating System: Windows
[03/23/21 06:11 PM ]Current User: user
[03/23/21 06:11 PM ]System Registration Key: 7952140
[03/23/21 06:11 PM ]Node Lock: 76RZQVUXDOVBB5Z
[03/23/21 06:11 PM ]
[03/23/21 06:11 PM ]----------------------------------------
[03/23/21 06:11 PM ]
[03/23/21 06:11 PM ]
[03/23/21 06:11 PM ]License: RAD Studio 10.2 Tokyo Architect
[03/23/21 06:11 PM ]Registration Key=7952140
[03/23/21 06:11 PM ]Serial Number=CNFA-NAADND-FCBBCL-FCPN
[03/23/21 06:11 PM ]
[03/23/21 06:11 PM ]
[03/23/21 06:11 PM ]License: RAD Studio 10.2
[03/23/21 06:11 PM ]Registration Key=0
[03/23/21 06:11 PM ][Subscription Client] [23/03/2021 18:11:41] DEBUG: License verification thread has started.  The following ids have been submitted to Subscription Monitor: ProductID=>8219,ProductID=>8219,ProductID=>2025,
[03/23/21 06:11 PM ][Subscription Client] [23/03/2021 18:11:43] DEBUG: The connection to SRS failed.  This is a primary license, therefore this connection error is ignored.
[03/26/21 08:13 AM ]----------------------------------------
[03/26/21 08:13 AM ]Operating System: Windows
[03/26/21 08:13 AM ]Current User: user
[03/26/21 08:13 AM ]System Registration Key: 7952140
[03/26/21 08:13 AM ]Node Lock: 76RZQVUXDOVBB5Z
[03/26/21 08:13 AM ]
[03/26/21 08:13 AM ]----------------------------------------
[03/26/21 08:13 AM ]
[03/26/21 08:13 AM ]
[03/26/21 08:13 AM ]License: RAD Studio 10.2 Tokyo Architect
[03/26/21 08:13 AM ]Registration Key=7952140
[03/26/21 08:13 AM ]Serial Number=CNFA-NAADND-FCBBCL-FCPN
[03/26/21 08:13 AM ]
[03/26/21 08:13 AM ]
[03/26/21 08:13 AM ]License: RAD Studio 10.2
[03/26/21 08:13 AM ]Registration Key=0
[03/26/21 08:13 AM ][Subscription Client] [26/03/2021 08:13:22] DEBUG: License verification thread has started.  The following ids have been submitted to Subscription Monitor: ProductID=>8219,ProductID=>8219,ProductID=>2025,
[03/26/21 08:13 AM ][Subscription Client] [26/03/2021 08:13:24] DEBUG: The connection to SRS failed.  This is a primary license, therefore this connection error is ignored.
[03/26/21 08:42 AM ]----------------------------------------
[03/26/21 08:42 AM ]Operating System: Windows
[03/26/21 08:42 AM ]Current User: user
[03/26/21 08:42 AM ]System Registration Key: 7952140
[03/26/21 08:42 AM ]Node Lock: 76RZQVUXDOVBB5Z
[03/26/21 08:42 AM ]
[03/26/21 08:42 AM ]----------------------------------------
[03/26/21 08:42 AM ]
[03/26/21 08:42 AM ]
[03/26/21 08:42 AM ]License: RAD Studio 10.2 Tokyo Architect
[03/26/21 08:42 AM ]Registration Key=7952140
[03/26/21 08:42 AM ]Serial Number=CNFA-NAADND-FCBBCL-FCPN
[03/26/21 08:42 AM ]
[03/26/21 08:42 AM ]
[03/26/21 08:42 AM ]License: RAD Studio 10.2
[03/26/21 08:42 AM ]Registration Key=0
[03/26/21 08:42 AM ][Subscription Client] [26/03/2021 08:42:18] DEBUG: License verification thread has started.  The following ids have been submitted to Subscription Monitor: ProductID=>8219,ProductID=>8219,ProductID=>2025,
[03/26/21 08:42 AM ][Subscription Client] [26/03/2021 08:42:20] DEBUG: The connection to SRS failed.  This is a primary license, therefore this connection error is ignored.
[03/26/21 10:42 AM ][Subscription Client] [26/03/2021 10:42:22] DEBUG: The connection to SRS failed.  This is a primary license, therefore this connection error is ignored.
[03/26/21 12:43 PM ][Subscription Client] [26/03/2021 12:43:36] DEBUG: The connection to SRS failed.  This is a primary license, therefore this connection error is ignored.
[03/26/21 04:01 PM ][Subscription Client] [26/03/2021 16:01:57] DEBUG: The connection to SRS failed.  This is a primary license, therefore this connection error is ignored.
[03/26/21 06:45 PM ][Subscription Client] [26/03/2021 18:45:30] DEBUG: The connection to SRS failed.  This is a primary license, therefore this connection error is ignored.
[03/26/21 10:52 PM ][Subscription Client] [26/03/2021 22:52:30] DEBUG: The connection to SRS failed.  This is a primary license, therefore this connection error is ignored.
[03/27/21 04:30 PM ]----------------------------------------
[03/27/21 04:30 PM ]Operating System: Windows
[03/27/21 04:30 PM ]Current User: user
[03/27/21 04:30 PM ]System Registration Key: 7952140
[03/27/21 04:30 PM ]Node Lock: 76RZQVUXDOVBB5Z
[03/27/21 04:30 PM ]
[03/27/21 04:30 PM ]----------------------------------------
[03/27/21 04:30 PM ]
[03/27/21 04:30 PM ]
[03/27/21 04:30 PM ]License: RAD Studio 10.2 Tokyo Architect
[03/27/21 04:30 PM ]Registration Key=7952140
[03/27/21 04:30 PM ]Serial Number=CNFA-NAADND-FCBBCL-FCPN
[03/27/21 04:30 PM ]
[03/27/21 04:30 PM ]
[03/27/21 04:30 PM ]License: RAD Studio 10.2
[03/27/21 04:30 PM ]Registration Key=0
[03/27/21 04:30 PM ][Subscription Client] [27/03/2021 16:30:35] DEBUG: License verification thread has started.  The following ids have been submitted to Subscription Monitor: ProductID=>8219,ProductID=>8219,ProductID=>2025,
[03/27/21 04:30 PM ][Subscription Client] [27/03/2021 16:30:37] DEBUG: The connection to SRS failed.  This is a primary license, therefore this connection error is ignored.
[03/27/21 07:44 PM ]----------------------------------------
[03/27/21 07:44 PM ]Operating System: Windows
[03/27/21 07:44 PM ]Current User: user
[03/27/21 07:44 PM ]System Registration Key: 7952140
[03/27/21 07:44 PM ]Node Lock: 76RZQVUXDOVBB5Z
[03/27/21 07:44 PM ]
[03/27/21 07:44 PM ]----------------------------------------
[03/27/21 07:44 PM ]
[03/27/21 07:44 PM ]
[03/27/21 07:44 PM ]License: RAD Studio 10.2 Tokyo Architect
[03/27/21 07:44 PM ]Registration Key=7952140
[03/27/21 07:44 PM ]Serial Number=CNFA-NAADND-FCBBCL-FCPN
[03/27/21 07:44 PM ]
[03/27/21 07:44 PM ]
[03/27/21 07:44 PM ]License: RAD Studio 10.2
[03/27/21 07:44 PM ]Registration Key=0
[03/27/21 07:44 PM ][Subscription Client] [27/03/2021 19:44:34] DEBUG: License verification thread has started.  The following ids have been submitted to Subscription Monitor: ProductID=>8219,ProductID=>8219,ProductID=>2025,
[03/27/21 07:44 PM ][Subscription Client] [27/03/2021 19:44:36] DEBUG: The connection to SRS failed.  This is a primary license, therefore this connection error is ignored.
[03/27/21 07:49 PM ]----------------------------------------
[03/27/21 07:49 PM ]Operating System: Windows
[03/27/21 07:49 PM ]Current User: user
[03/27/21 07:49 PM ]System Registration Key: 7952140
[03/27/21 07:49 PM ]Node Lock: 76RZQVUXDOVBB5Z
[03/27/21 07:49 PM ]
[03/27/21 07:49 PM ]----------------------------------------
[03/27/21 07:49 PM ]
[03/27/21 07:49 PM ]
[03/27/21 07:49 PM ]License: RAD Studio 10.2 Tokyo Architect
[03/27/21 07:49 PM ]Registration Key=7952140
[03/27/21 07:49 PM ]Serial Number=CNFA-NAADND-FCBBCL-FCPN
[03/27/21 07:49 PM ]
[03/27/21 07:49 PM ]
[03/27/21 07:49 PM ]License: RAD Studio 10.2
[03/27/21 07:49 PM ]Registration Key=0
[03/27/21 07:49 PM ][Subscription Client] [27/03/2021 19:49:07] DEBUG: License verification thread has started.  The following ids have been submitted to Subscription Monitor: ProductID=>8219,ProductID=>8219,ProductID=>2025,
[03/27/21 07:49 PM ][Subscription Client] [27/03/2021 19:49:09] DEBUG: The connection to SRS failed.  This is a primary license, therefore this connection error is ignored.
[03/27/21 08:52 PM ]----------------------------------------
[03/27/21 08:52 PM ]Operating System: Windows
[03/27/21 08:52 PM ]Current User: user
[03/27/21 08:52 PM ]System Registration Key: 7952140
[03/27/21 08:52 PM ]Node Lock: 76RZQVUXDOVBB5Z
[03/27/21 08:52 PM ]
[03/27/21 08:52 PM ]----------------------------------------
[03/27/21 08:52 PM ]
[03/27/21 08:52 PM ]
[03/27/21 08:52 PM ]License: RAD Studio 10.2 Tokyo Architect
[03/27/21 08:52 PM ]Registration Key=7952140
[03/27/21 08:52 PM ]Serial Number=CNFA-NAADND-FCBBCL-FCPN
[03/27/21 08:52 PM ]
[03/27/21 08:52 PM ]
[03/27/21 08:52 PM ]License: RAD Studio 10.2
[03/27/21 08:52 PM ]Registration Key=0
[03/27/21 08:52 PM ][Subscription Client] [27/03/2021 20:52:11] DEBUG: License verification thread has started.  The following ids have been submitted to Subscription Monitor: ProductID=>8219,ProductID=>8219,ProductID=>2025,
[03/27/21 08:52 PM ][Subscription Client] [27/03/2021 20:52:13] DEBUG: The connection to SRS failed.  This is a primary license, therefore this connection error is ignored.
[03/27/21 08:53 PM ]----------------------------------------
[03/27/21 08:53 PM ]Operating System: Windows
[03/27/21 08:53 PM ]Current User: user
[03/27/21 08:53 PM ]System Registration Key: 7952140
[03/27/21 08:53 PM ]Node Lock: 76RZQVUXDOVBB5Z
[03/27/21 08:53 PM ]
[03/27/21 08:53 PM ]----------------------------------------
[03/27/21 08:53 PM ]
[03/27/21 08:53 PM ]
[03/27/21 08:53 PM ]License: RAD Studio 10.2 Tokyo Architect
[03/27/21 08:53 PM ]Registration Key=7952140
[03/27/21 08:53 PM ]Serial Number=CNFA-NAADND-FCBBCL-FCPN
[03/27/21 08:53 PM ]
[03/27/21 08:53 PM ]
[03/27/21 08:53 PM ]License: RAD Studio 10.2
[03/27/21 08:53 PM ]Registration Key=0
[03/27/21 08:53 PM ][Subscription Client] [27/03/2021 20:53:14] DEBUG: License verification thread has started.  The following ids have been submitted to Subscription Monitor: ProductID=>8219,ProductID=>8219,ProductID=>2025,
[03/27/21 08:53 PM ][Subscription Client] [27/03/2021 20:53:16] DEBUG: The connection to SRS failed.  This is a primary license, therefore this connection error is ignored.
[03/27/21 08:54 PM ]----------------------------------------
[03/27/21 08:54 PM ]Operating System: Windows
[03/27/21 08:54 PM ]Current User: user
[03/27/21 08:54 PM ]System Registration Key: 7952140
[03/27/21 08:54 PM ]Node Lock: 76RZQVUXDOVBB5Z
[03/27/21 08:54 PM ]
[03/27/21 08:54 PM ]----------------------------------------
[03/27/21 08:54 PM ]
[03/27/21 08:54 PM ]
[03/27/21 08:54 PM ]License: RAD Studio 10.2 Tokyo Architect
[03/27/21 08:54 PM ]Registration Key=7952140
[03/27/21 08:54 PM ]Serial Number=CNFA-NAADND-FCBBCL-FCPN
[03/27/21 08:54 PM ]
[03/27/21 08:54 PM ]
[03/27/21 08:54 PM ]License: RAD Studio 10.2
[03/27/21 08:54 PM ]Registration Key=0
[03/27/21 08:54 PM ][Subscription Client] [27/03/2021 20:54:07] DEBUG: License verification thread has started.  The following ids have been submitted to Subscription Monitor: ProductID=>8219,ProductID=>8219,ProductID=>2025,
[03/27/21 08:54 PM ][Subscription Client] [27/03/2021 20:54:09] DEBUG: The connection to SRS failed.  This is a primary license, therefore this connection error is ignored.
[03/27/21 09:33 PM ]----------------------------------------
[03/27/21 09:33 PM ]Operating System: Windows
[03/27/21 09:33 PM ]Current User: user
[03/27/21 09:33 PM ]System Registration Key: 7952140
[03/27/21 09:33 PM ]Node Lock: 76RZQVUXDOVBB5Z
[03/27/21 09:33 PM ]
[03/27/21 09:33 PM ]----------------------------------------
[03/27/21 09:33 PM ]
[03/27/21 09:33 PM ]
[03/27/21 09:33 PM ]License: RAD Studio 10.2 Tokyo Architect
[03/27/21 09:33 PM ]Registration Key=7952140
[03/27/21 09:33 PM ]Serial Number=CNFA-NAADND-FCBBCL-FCPN
[03/27/21 09:33 PM ]
[03/27/21 09:33 PM ]
[03/27/21 09:33 PM ]License: RAD Studio 10.2
[03/27/21 09:33 PM ]Registration Key=0
[03/27/21 09:33 PM ][Subscription Client] [27/03/2021 21:33:06] DEBUG: License verification thread has started.  The following ids have been submitted to Subscription Monitor: ProductID=>8219,ProductID=>8219,ProductID=>2025,
[03/27/21 09:33 PM ][Subscription Client] [27/03/2021 21:33:08] DEBUG: The connection to SRS failed.  This is a primary license, therefore this connection error is ignored.
[03/27/21 09:33 PM ]----------------------------------------
[03/27/21 09:33 PM ]Operating System: Windows
[03/27/21 09:33 PM ]Current User: user
[03/27/21 09:33 PM ]System Registration Key: 7952140
[03/27/21 09:33 PM ]Node Lock: 76RZQVUXDOVBB5Z
[03/27/21 09:33 PM ]
[03/27/21 09:33 PM ]----------------------------------------
[03/27/21 09:33 PM ]
[03/27/21 09:33 PM ]
[03/27/21 09:33 PM ]License: RAD Studio 10.2 Tokyo Architect
[03/27/21 09:33 PM ]Registration Key=7952140
[03/27/21 09:33 PM ]Serial Number=CNFA-NAADND-FCBBCL-FCPN
[03/27/21 09:33 PM ]
[03/27/21 09:33 PM ]
[03/27/21 09:33 PM ]License: RAD Studio 10.2
[03/27/21 09:33 PM ]Registration Key=0
[03/27/21 09:33 PM ][Subscription Client] [27/03/2021 21:33:47] DEBUG: License verification thread has started.  The following ids have been submitted to Subscription Monitor: ProductID=>8219,ProductID=>8219,ProductID=>2025,
[03/27/21 09:33 PM ][Subscription Client] [27/03/2021 21:33:49] DEBUG: The connection to SRS failed.  This is a primary license, therefore this connection error is ignored.
[03/27/21 10:29 PM ]----------------------------------------
[03/27/21 10:29 PM ]Operating System: Windows
[03/27/21 10:29 PM ]Current User: user
[03/27/21 10:29 PM ]System Registration Key: 7952140
[03/27/21 10:29 PM ]Node Lock: 76RZQVUXDOVBB5Z
[03/27/21 10:29 PM ]
[03/27/21 10:29 PM ]----------------------------------------
[03/27/21 10:29 PM ]
[03/27/21 10:29 PM ]
[03/27/21 10:29 PM ]License: RAD Studio 10.2 Tokyo Architect
[03/27/21 10:29 PM ]Registration Key=7952140
[03/27/21 10:29 PM ]Serial Number=CNFA-NAADND-FCBBCL-FCPN
[03/27/21 10:29 PM ]
[03/27/21 10:29 PM ]
[03/27/21 10:29 PM ]License: RAD Studio 10.2
[03/27/21 10:29 PM ]Registration Key=0
[03/27/21 10:29 PM ][Subscription Client] [27/03/2021 22:29:34] DEBUG: License verification thread has started.  The following ids have been submitted to Subscription Monitor: ProductID=>8219,ProductID=>8219,ProductID=>2025,
[03/27/21 10:29 PM ][Subscription Client] [27/03/2021 22:29:36] DEBUG: The connection to SRS failed.  This is a primary license, therefore this connection error is ignored.
[03/27/21 10:35 PM ]----------------------------------------
[03/27/21 10:35 PM ]Operating System: Windows
[03/27/21 10:35 PM ]Current User: user
[03/27/21 10:35 PM ]System Registration Key: 7952140
[03/27/21 10:35 PM ]Node Lock: 76RZQVUXDOVBB5Z
[03/27/21 10:35 PM ]
[03/27/21 10:35 PM ]----------------------------------------
[03/27/21 10:35 PM ]
[03/27/21 10:35 PM ]
[03/27/21 10:35 PM ]License: RAD Studio 10.2 Tokyo Architect
[03/27/21 10:35 PM ]Registration Key=7952140
[03/27/21 10:35 PM ]Serial Number=CNFA-NAADND-FCBBCL-FCPN
[03/27/21 10:35 PM ]
[03/27/21 10:35 PM ]
[03/27/21 10:35 PM ]License: RAD Studio 10.2
[03/27/21 10:35 PM ]Registration Key=0
[03/27/21 10:35 PM ][Subscription Client] [27/03/2021 22:35:11] DEBUG: License verification thread has started.  The following ids have been submitted to Subscription Monitor: ProductID=>8219,ProductID=>8219,ProductID=>2025,
[03/27/21 10:35 PM ][Subscription Client] [27/03/2021 22:35:13] DEBUG: The connection to SRS failed.  This is a primary license, therefore this connection error is ignored.
[03/27/21 10:37 PM ]----------------------------------------
[03/27/21 10:37 PM ]Operating System: Windows
[03/27/21 10:37 PM ]Current User: user
[03/27/21 10:37 PM ]System Registration Key: 7952140
[03/27/21 10:37 PM ]Node Lock: 76RZQVUXDOVBB5Z
[03/27/21 10:37 PM ]
[03/27/21 10:37 PM ]----------------------------------------
[03/27/21 10:37 PM ]
[03/27/21 10:37 PM ]
[03/27/21 10:37 PM ]License: RAD Studio 10.2 Tokyo Architect
[03/27/21 10:37 PM ]Registration Key=7952140
[03/27/21 10:37 PM ]Serial Number=CNFA-NAADND-FCBBCL-FCPN
[03/27/21 10:37 PM ]
[03/27/21 10:37 PM ]
[03/27/21 10:37 PM ]License: RAD Studio 10.2
[03/27/21 10:37 PM ]Registration Key=0
[03/27/21 10:37 PM ][Subscription Client] [27/03/2021 22:37:32] DEBUG: License verification thread has started.  The following ids have been submitted to Subscription Monitor: ProductID=>8219,ProductID=>8219,ProductID=>2025,
[03/27/21 10:37 PM ][Subscription Client] [27/03/2021 22:37:34] DEBUG: The connection to SRS failed.  This is a primary license, therefore this connection error is ignored.
[03/27/21 10:41 PM ]----------------------------------------
[03/27/21 10:41 PM ]Operating System: Windows
[03/27/21 10:41 PM ]Current User: user
[03/27/21 10:41 PM ]System Registration Key: 7952140
[03/27/21 10:41 PM ]Node Lock: 76RZQVUXDOVBB5Z
[03/27/21 10:41 PM ]
[03/27/21 10:41 PM ]----------------------------------------
[03/27/21 10:41 PM ]
[03/27/21 10:41 PM ]
[03/27/21 10:41 PM ]License: RAD Studio 10.2 Tokyo Architect
[03/27/21 10:41 PM ]Registration Key=7952140
[03/27/21 10:41 PM ]Serial Number=CNFA-NAADND-FCBBCL-FCPN
[03/27/21 10:41 PM ]
[03/27/21 10:41 PM ]
[03/27/21 10:41 PM ]License: RAD Studio 10.2
[03/27/21 10:41 PM ]Registration Key=0
[03/27/21 10:41 PM ][Subscription Client] [27/03/2021 22:41:29] DEBUG: License verification thread has started.  The following ids have been submitted to Subscription Monitor: ProductID=>8219,ProductID=>8219,ProductID=>2025,
[03/27/21 10:41 PM ][Subscription Client] [27/03/2021 22:41:31] DEBUG: The connection to SRS failed.  This is a primary license, therefore this connection error is ignored.
[03/28/21 12:26 AM ]----------------------------------------
[03/28/21 12:26 AM ]Operating System: Windows
[03/28/21 12:26 AM ]Current User: user
[03/28/21 12:26 AM ]System Registration Key: 7952140
[03/28/21 12:26 AM ]Node Lock: 76RZQVUXDOVBB5Z
[03/28/21 12:26 AM ]
[03/28/21 12:26 AM ]----------------------------------------
[03/28/21 12:26 AM ]
[03/28/21 12:26 AM ]
[03/28/21 12:26 AM ]License: RAD Studio 10.2 Tokyo Architect
[03/28/21 12:26 AM ]Registration Key=7952140
[03/28/21 12:26 AM ]Serial Number=CNFA-NAADND-FCBBCL-FCPN
[03/28/21 12:26 AM ]
[03/28/21 12:26 AM ]
[03/28/21 12:26 AM ]License: RAD Studio 10.2
[03/28/21 12:26 AM ]Registration Key=0
[03/28/21 12:26 AM ][Subscription Client] [28/03/2021 00:26:12] DEBUG: License verification thread has started.  The following ids have been submitted to Subscription Monitor: ProductID=>8219,ProductID=>8219,ProductID=>2025,
[03/28/21 12:26 AM ][Subscription Client] [28/03/2021 00:26:15] DEBUG: The connection to SRS failed.  This is a primary license, therefore this connection error is ignored.
[03/28/21 01:21 AM ]----------------------------------------
[03/28/21 01:21 AM ]Operating System: Windows
[03/28/21 01:21 AM ]Current User: user
[03/28/21 01:21 AM ]System Registration Key: 7952140
[03/28/21 01:21 AM ]Node Lock: 76RZQVUXDOVBB5Z
[03/28/21 01:21 AM ]
[03/28/21 01:21 AM ]----------------------------------------
[03/28/21 01:21 AM ]
[03/28/21 01:21 AM ]
[03/28/21 01:21 AM ]License: RAD Studio 10.2 Tokyo Architect
[03/28/21 01:21 AM ]Registration Key=7952140
[03/28/21 01:21 AM ]Serial Number=CNFA-NAADND-FCBBCL-FCPN
[03/28/21 01:21 AM ]
[03/28/21 01:21 AM ]
[03/28/21 01:21 AM ]License: RAD Studio 10.2
[03/28/21 01:21 AM ]Registration Key=0
[03/28/21 01:21 AM ][Subscription Client] [28/03/2021 01:21:28] DEBUG: License verification thread has started.  The following ids have been submitted to Subscription Monitor: ProductID=>8219,ProductID=>8219,ProductID=>2025,
[03/28/21 01:21 AM ][Subscription Client] [28/03/2021 01:21:30] DEBUG: The connection to SRS failed.  This is a primary license, therefore this connection error is ignored.
[03/28/21 08:52 AM ]----------------------------------------
[03/28/21 08:52 AM ]Operating System: Windows
[03/28/21 08:52 AM ]Current User: user
[03/28/21 08:52 AM ]System Registration Key: 7952140
[03/28/21 08:52 AM ]Node Lock: 76RZQVUXDOVBB5Z
[03/28/21 08:52 AM ]
[03/28/21 08:52 AM ]----------------------------------------
[03/28/21 08:52 AM ]
[03/28/21 08:52 AM ]
[03/28/21 08:52 AM ]License: RAD Studio 10.2 Tokyo Architect
[03/28/21 08:52 AM ]Registration Key=7952140
[03/28/21 08:52 AM ]Serial Number=CNFA-NAADND-FCBBCL-FCPN
[03/28/21 08:52 AM ]
[03/28/21 08:52 AM ]
[03/28/21 08:52 AM ]License: RAD Studio 10.2
[03/28/21 08:52 AM ]Registration Key=0
[03/28/21 08:52 AM ][Subscription Client] [28/03/2021 08:52:25] DEBUG: License verification thread has started.  The following ids have been submitted to Subscription Monitor: ProductID=>8219,ProductID=>8219,ProductID=>2025,
[03/28/21 08:52 AM ][Subscription Client] [28/03/2021 08:52:27] DEBUG: The connection to SRS failed.  This is a primary license, therefore this connection error is ignored.
[03/28/21 08:58 AM ]----------------------------------------
[03/28/21 08:58 AM ]Operating System: Windows
[03/28/21 08:58 AM ]Current User: user
[03/28/21 08:58 AM ]System Registration Key: 7952140
[03/28/21 08:58 AM ]Node Lock: 76RZQVUXDOVBB5Z
[03/28/21 08:58 AM ]
[03/28/21 08:58 AM ]----------------------------------------
[03/28/21 08:58 AM ]
[03/28/21 08:58 AM ]
[03/28/21 08:58 AM ]License: RAD Studio 10.2 Tokyo Architect
[03/28/21 08:58 AM ]Registration Key=7952140
[03/28/21 08:58 AM ]Serial Number=CNFA-NAADND-FCBBCL-FCPN
[03/28/21 08:58 AM ]
[03/28/21 08:58 AM ]
[03/28/21 08:58 AM ]License: RAD Studio 10.2
[03/28/21 08:58 AM ]Registration Key=0
[03/28/21 08:58 AM ][Subscription Client] [28/03/2021 08:58:50] DEBUG: License verification thread has started.  The following ids have been submitted to Subscription Monitor: ProductID=>8219,ProductID=>8219,ProductID=>2025,
[03/28/21 08:58 AM ][Subscription Client] [28/03/2021 08:58:52] DEBUG: The connection to SRS failed.  This is a primary license, therefore this connection error is ignored.
[03/28/21 10:21 AM ]----------------------------------------
[03/28/21 10:21 AM ]Operating System: Windows
[03/28/21 10:21 AM ]Current User: user
[03/28/21 10:21 AM ]System Registration Key: 7952140
[03/28/21 10:21 AM ]Node Lock: 76RZQVUXDOVBB5Z
[03/28/21 10:21 AM ]
[03/28/21 10:21 AM ]----------------------------------------
[03/28/21 10:21 AM ]
[03/28/21 10:21 AM ]
[03/28/21 10:21 AM ]License: RAD Studio 10.2 Tokyo Architect
[03/28/21 10:21 AM ]Registration Key=7952140
[03/28/21 10:21 AM ]Serial Number=CNFA-NAADND-FCBBCL-FCPN
[03/28/21 10:21 AM ]
[03/28/21 10:21 AM ]
[03/28/21 10:21 AM ]License: RAD Studio 10.2
[03/28/21 10:21 AM ]Registration Key=0
[03/28/21 10:21 AM ][Subscription Client] [28/03/2021 10:21:13] DEBUG: License verification thread has started.  The following ids have been submitted to Subscription Monitor: ProductID=>8219,ProductID=>8219,ProductID=>2025,
[03/28/21 10:21 AM ][Subscription Client] [28/03/2021 10:21:15] DEBUG: The connection to SRS failed.  This is a primary license, therefore this connection error is ignored.
[03/28/21 10:22 AM ]----------------------------------------
[03/28/21 10:22 AM ]Operating System: Windows
[03/28/21 10:22 AM ]Current User: user
[03/28/21 10:22 AM ]System Registration Key: 7952140
[03/28/21 10:22 AM ]Node Lock: 76RZQVUXDOVBB5Z
[03/28/21 10:22 AM ]
[03/28/21 10:22 AM ]----------------------------------------
[03/28/21 10:22 AM ]
[03/28/21 10:22 AM ]
[03/28/21 10:22 AM ]License: RAD Studio 10.2 Tokyo Architect
[03/28/21 10:22 AM ]Registration Key=7952140
[03/28/21 10:22 AM ]Serial Number=CNFA-NAADND-FCBBCL-FCPN
[03/28/21 10:22 AM ]
[03/28/21 10:22 AM ]
[03/28/21 10:22 AM ]License: RAD Studio 10.2
[03/28/21 10:22 AM ]Registration Key=0
[03/28/21 10:22 AM ][Subscription Client] [28/03/2021 10:22:36] DEBUG: License verification thread has started.  The following ids have been submitted to Subscription Monitor: ProductID=>8219,ProductID=>8219,ProductID=>2025,
[03/28/21 10:22 AM ][Subscription Client] [28/03/2021 10:22:38] DEBUG: The connection to SRS failed.  This is a primary license, therefore this connection error is ignored.
[03/28/21 12:49 PM ]----------------------------------------
[03/28/21 12:49 PM ]Operating System: Windows
[03/28/21 12:49 PM ]Current User: user
[03/28/21 12:49 PM ]System Registration Key: 7952140
[03/28/21 12:49 PM ]Node Lock: 76RZQVUXDOVBB5Z
[03/28/21 12:49 PM ]
[03/28/21 12:49 PM ]----------------------------------------
[03/28/21 12:49 PM ]
[03/28/21 12:49 PM ]
[03/28/21 12:49 PM ]License: RAD Studio 10.2 Tokyo Architect
[03/28/21 12:49 PM ]Registration Key=7952140
[03/28/21 12:49 PM ]Serial Number=CNFA-NAADND-FCBBCL-FCPN
[03/28/21 12:49 PM ]
[03/28/21 12:49 PM ]
[03/28/21 12:49 PM ]License: RAD Studio 10.2
[03/28/21 12:49 PM ]Registration Key=0
[03/28/21 12:49 PM ][Subscription Client] [28/03/2021 12:49:48] DEBUG: License verification thread has started.  The following ids have been submitted to Subscription Monitor: ProductID=>8219,ProductID=>8219,ProductID=>2025,
[03/28/21 12:49 PM ][Subscription Client] [28/03/2021 12:49:50] DEBUG: The connection to SRS failed.  This is a primary license, therefore this connection error is ignored.
[03/28/21 01:49 PM ]----------------------------------------
[03/28/21 01:49 PM ]Operating System: Windows
[03/28/21 01:49 PM ]Current User: user
[03/28/21 01:49 PM ]System Registration Key: 7952140
[03/28/21 01:49 PM ]Node Lock: 76RZQVUXDOVBB5Z
[03/28/21 01:49 PM ]
[03/28/21 01:49 PM ]----------------------------------------
[03/28/21 01:49 PM ]
[03/28/21 01:49 PM ]
[03/28/21 01:49 PM ]License: RAD Studio 10.2 Tokyo Architect
[03/28/21 01:49 PM ]Registration Key=7952140
[03/28/21 01:49 PM ]Serial Number=CNFA-NAADND-FCBBCL-FCPN
[03/28/21 01:49 PM ]
[03/28/21 01:49 PM ]
[03/28/21 01:49 PM ]License: RAD Studio 10.2
[03/28/21 01:49 PM ]Registration Key=0
[03/28/21 01:49 PM ][Subscription Client] [28/03/2021 13:49:57] DEBUG: License verification thread has started.  The following ids have been submitted to Subscription Monitor: ProductID=>8219,ProductID=>8219,ProductID=>2025,
[03/28/21 01:49 PM ][Subscription Client] [28/03/2021 13:49:59] DEBUG: The connection to SRS failed.  This is a primary license, therefore this connection error is ignored.
[03/28/21 02:03 PM ]----------------------------------------
[03/28/21 02:03 PM ]Operating System: Windows
[03/28/21 02:03 PM ]Current User: user
[03/28/21 02:03 PM ]System Registration Key: 7952140
[03/28/21 02:03 PM ]Node Lock: 76RZQVUXDOVBB5Z
[03/28/21 02:03 PM ]
[03/28/21 02:03 PM ]----------------------------------------
[03/28/21 02:03 PM ]
[03/28/21 02:03 PM ]
[03/28/21 02:03 PM ]License: RAD Studio 10.2 Tokyo Architect
[03/28/21 02:03 PM ]Registration Key=7952140
[03/28/21 02:03 PM ]Serial Number=CNFA-NAADND-FCBBCL-FCPN
[03/28/21 02:03 PM ]
[03/28/21 02:03 PM ]
[03/28/21 02:03 PM ]License: RAD Studio 10.2
[03/28/21 02:03 PM ]Registration Key=0
[03/28/21 02:03 PM ][Subscription Client] [28/03/2021 14:03:23] DEBUG: License verification thread has started.  The following ids have been submitted to Subscription Monitor: ProductID=>8219,ProductID=>8219,ProductID=>2025,
[03/28/21 02:03 PM ][Subscription Client] [28/03/2021 14:03:25] DEBUG: The connection to SRS failed.  This is a primary license, therefore this connection error is ignored.
[03/28/21 02:09 PM ]----------------------------------------
[03/28/21 02:09 PM ]Operating System: Windows
[03/28/21 02:09 PM ]Current User: user
[03/28/21 02:09 PM ]System Registration Key: 7952140
[03/28/21 02:09 PM ]Node Lock: 76RZQVUXDOVBB5Z
[03/28/21 02:09 PM ]
[03/28/21 02:09 PM ]----------------------------------------
[03/28/21 02:09 PM ]
[03/28/21 02:09 PM ]
[03/28/21 02:09 PM ]License: RAD Studio 10.2 Tokyo Architect
[03/28/21 02:09 PM ]Registration Key=7952140
[03/28/21 02:09 PM ]Serial Number=CNFA-NAADND-FCBBCL-FCPN
[03/28/21 02:09 PM ]
[03/28/21 02:09 PM ]
[03/28/21 02:09 PM ]License: RAD Studio 10.2
[03/28/21 02:09 PM ]Registration Key=0
[03/28/21 02:09 PM ][Subscription Client] [28/03/2021 14:09:26] DEBUG: License verification thread has started.  The following ids have been submitted to Subscription Monitor: ProductID=>8219,ProductID=>8219,ProductID=>2025,
[03/28/21 02:09 PM ][Subscription Client] [28/03/2021 14:09:28] DEBUG: The connection to SRS failed.  This is a primary license, therefore this connection error is ignored.
[03/28/21 02:57 PM ]----------------------------------------
[03/28/21 02:57 PM ]Operating System: Windows
[03/28/21 02:57 PM ]Current User: user
[03/28/21 02:57 PM ]System Registration Key: 7952140
[03/28/21 02:57 PM ]Node Lock: 76RZQVUXDOVBB5Z
[03/28/21 02:57 PM ]
[03/28/21 02:57 PM ]----------------------------------------
[03/28/21 02:57 PM ]
[03/28/21 02:57 PM ]
[03/28/21 02:57 PM ]License: RAD Studio 10.2 Tokyo Architect
[03/28/21 02:57 PM ]Registration Key=7952140
[03/28/21 02:57 PM ]Serial Number=CNFA-NAADND-FCBBCL-FCPN
[03/28/21 02:57 PM ]
[03/28/21 02:57 PM ]
[03/28/21 02:57 PM ]License: RAD Studio 10.2
[03/28/21 02:57 PM ]Registration Key=0
[03/28/21 02:58 PM ][Subscription Client] [28/03/2021 14:58:00] DEBUG: License verification thread has started.  The following ids have been submitted to Subscription Monitor: ProductID=>8219,ProductID=>8219,ProductID=>2025,
[03/28/21 02:58 PM ][Subscription Client] [28/03/2021 14:58:02] DEBUG: The connection to SRS failed.  This is a primary license, therefore this connection error is ignored.
[03/28/21 04:20 PM ]----------------------------------------
[03/28/21 04:20 PM ]Operating System: Windows
[03/28/21 04:20 PM ]Current User: user
[03/28/21 04:20 PM ]System Registration Key: 7952140
[03/28/21 04:20 PM ]Node Lock: 76RZQVUXDOVBB5Z
[03/28/21 04:20 PM ]
[03/28/21 04:20 PM ]----------------------------------------
[03/28/21 04:20 PM ]
[03/28/21 04:20 PM ]
[03/28/21 04:20 PM ]License: RAD Studio 10.2 Tokyo Architect
[03/28/21 04:20 PM ]Registration Key=7952140
[03/28/21 04:20 PM ]Serial Number=CNFA-NAADND-FCBBCL-FCPN
[03/28/21 04:20 PM ]
[03/28/21 04:20 PM ]
[03/28/21 04:20 PM ]License: RAD Studio 10.2
[03/28/21 04:20 PM ]Registration Key=0
[03/28/21 04:20 PM ][Subscription Client] [28/03/2021 16:20:46] DEBUG: License verification thread has started.  The following ids have been submitted to Subscription Monitor: ProductID=>8219,ProductID=>8219,ProductID=>2025,
[03/28/21 04:20 PM ][Subscription Client] [28/03/2021 16:20:48] DEBUG: The connection to SRS failed.  This is a primary license, therefore this connection error is ignored.
[03/28/21 05:02 PM ]----------------------------------------
[03/28/21 05:02 PM ]Operating System: Windows
[03/28/21 05:02 PM ]Current User: user
[03/28/21 05:02 PM ]System Registration Key: 7952140
[03/28/21 05:02 PM ]Node Lock: 76RZQVUXDOVBB5Z
[03/28/21 05:02 PM ]
[03/28/21 05:02 PM ]----------------------------------------
[03/28/21 05:02 PM ]
[03/28/21 05:02 PM ]
[03/28/21 05:02 PM ]License: RAD Studio 10.2 Tokyo Architect
[03/28/21 05:02 PM ]Registration Key=7952140
[03/28/21 05:02 PM ]Serial Number=CNFA-NAADND-FCBBCL-FCPN
[03/28/21 05:02 PM ]
[03/28/21 05:02 PM ]
[03/28/21 05:02 PM ]License: RAD Studio 10.2
[03/28/21 05:02 PM ]Registration Key=0
[03/28/21 05:02 PM ][Subscription Client] [28/03/2021 17:02:58] DEBUG: License verification thread has started.  The following ids have been submitted to Subscription Monitor: ProductID=>8219,ProductID=>8219,ProductID=>2025,
[03/28/21 05:03 PM ][Subscription Client] [28/03/2021 17:03:01] DEBUG: The connection to SRS failed.  This is a primary license, therefore this connection error is ignored.
[03/28/21 05:35 PM ]----------------------------------------
[03/28/21 05:35 PM ]Operating System: Windows
[03/28/21 05:35 PM ]Current User: user
[03/28/21 05:35 PM ]System Registration Key: 7952140
[03/28/21 05:35 PM ]Node Lock: 76RZQVUXDOVBB5Z
[03/28/21 05:35 PM ]
[03/28/21 05:35 PM ]----------------------------------------
[03/28/21 05:35 PM ]
[03/28/21 05:35 PM ]
[03/28/21 05:35 PM ]License: RAD Studio 10.2 Tokyo Architect
[03/28/21 05:35 PM ]Registration Key=7952140
[03/28/21 05:35 PM ]Serial Number=CNFA-NAADND-FCBBCL-FCPN
[03/28/21 05:35 PM ]
[03/28/21 05:35 PM ]
[03/28/21 05:35 PM ]License: RAD Studio 10.2
[03/28/21 05:35 PM ]Registration Key=0
[03/28/21 05:35 PM ][Subscription Client] [28/03/2021 17:35:52] DEBUG: License verification thread has started.  The following ids have been submitted to Subscription Monitor: ProductID=>8219,ProductID=>8219,ProductID=>2025,
[03/28/21 05:35 PM ][Subscription Client] [28/03/2021 17:35:54] DEBUG: The connection to SRS failed.  This is a primary license, therefore this connection error is ignored.
[03/28/21 06:17 PM ]----------------------------------------
[03/28/21 06:17 PM ]Operating System: Windows
[03/28/21 06:17 PM ]Current User: user
[03/28/21 06:17 PM ]System Registration Key: 7952140
[03/28/21 06:17 PM ]Node Lock: 76RZQVUXDOVBB5Z
[03/28/21 06:17 PM ]
[03/28/21 06:17 PM ]----------------------------------------
[03/28/21 06:17 PM ]
[03/28/21 06:17 PM ]
[03/28/21 06:17 PM ]License: RAD Studio 10.2 Tokyo Architect
[03/28/21 06:17 PM ]Registration Key=7952140
[03/28/21 06:17 PM ]Serial Number=CNFA-NAADND-FCBBCL-FCPN
[03/28/21 06:17 PM ]
[03/28/21 06:17 PM ]
[03/28/21 06:17 PM ]License: RAD Studio 10.2
[03/28/21 06:17 PM ]Registration Key=0
[03/28/21 06:17 PM ][Subscription Client] [28/03/2021 18:17:06] DEBUG: License verification thread has started.  The following ids have been submitted to Subscription Monitor: ProductID=>8219,ProductID=>8219,ProductID=>2025,
[03/28/21 06:17 PM ][Subscription Client] [28/03/2021 18:17:08] DEBUG: The connection to SRS failed.  This is a primary license, therefore this connection error is ignored.
[03/28/21 06:19 PM ]----------------------------------------
[03/28/21 06:19 PM ]Operating System: Windows
[03/28/21 06:19 PM ]Current User: user
[03/28/21 06:19 PM ]System Registration Key: 7952140
[03/28/21 06:19 PM ]Node Lock: 76RZQVUXDOVBB5Z
[03/28/21 06:19 PM ]
[03/28/21 06:19 PM ]----------------------------------------
[03/28/21 06:19 PM ]
[03/28/21 06:19 PM ]
[03/28/21 06:19 PM ]License: RAD Studio 10.2 Tokyo Architect
[03/28/21 06:19 PM ]Registration Key=7952140
[03/28/21 06:19 PM ]Serial Number=CNFA-NAADND-FCBBCL-FCPN
[03/28/21 06:19 PM ]
[03/28/21 06:19 PM ]
[03/28/21 06:19 PM ]License: RAD Studio 10.2
[03/28/21 06:19 PM ]Registration Key=0
[03/28/21 06:19 PM ][Subscription Client] [28/03/2021 18:19:44] DEBUG: License verification thread has started.  The following ids have been submitted to Subscription Monitor: ProductID=>8219,ProductID=>8219,ProductID=>2025,
[03/28/21 06:19 PM ][Subscription Client] [28/03/2021 18:19:46] DEBUG: The connection to SRS failed.  This is a primary license, therefore this connection error is ignored.
[03/28/21 06:21 PM ]----------------------------------------
[03/28/21 06:21 PM ]Operating System: Windows
[03/28/21 06:21 PM ]Current User: user
[03/28/21 06:21 PM ]System Registration Key: 7952140
[03/28/21 06:21 PM ]Node Lock: 76RZQVUXDOVBB5Z
[03/28/21 06:21 PM ]
[03/28/21 06:21 PM ]----------------------------------------
[03/28/21 06:21 PM ]
[03/28/21 06:21 PM ]
[03/28/21 06:21 PM ]License: RAD Studio 10.2 Tokyo Architect
[03/28/21 06:21 PM ]Registration Key=7952140
[03/28/21 06:21 PM ]Serial Number=CNFA-NAADND-FCBBCL-FCPN
[03/28/21 06:21 PM ]
[03/28/21 06:21 PM ]
[03/28/21 06:21 PM ]License: RAD Studio 10.2
[03/28/21 06:21 PM ]Registration Key=0
[03/28/21 06:21 PM ][Subscription Client] [28/03/2021 18:21:12] DEBUG: License verification thread has started.  The following ids have been submitted to Subscription Monitor: ProductID=>8219,ProductID=>8219,ProductID=>2025,
[03/28/21 06:21 PM ][Subscription Client] [28/03/2021 18:21:14] DEBUG: The connection to SRS failed.  This is a primary license, therefore this connection error is ignored.
[03/28/21 06:49 PM ]----------------------------------------
[03/28/21 06:49 PM ]Operating System: Windows
[03/28/21 06:49 PM ]Current User: user
[03/28/21 06:49 PM ]System Registration Key: 7952140
[03/28/21 06:49 PM ]Node Lock: 76RZQVUXDOVBB5Z
[03/28/21 06:49 PM ]
[03/28/21 06:49 PM ]----------------------------------------
[03/28/21 06:49 PM ]
[03/28/21 06:49 PM ]
[03/28/21 06:49 PM ]License: RAD Studio 10.2 Tokyo Architect
[03/28/21 06:49 PM ]Registration Key=7952140
[03/28/21 06:49 PM ]Serial Number=CNFA-NAADND-FCBBCL-FCPN
[03/28/21 06:49 PM ]
[03/28/21 06:49 PM ]
[03/28/21 06:49 PM ]License: RAD Studio 10.2
[03/28/21 06:49 PM ]Registration Key=0
[03/28/21 06:49 PM ][Subscription Client] [28/03/2021 18:49:50] DEBUG: License verification thread has started.  The following ids have been submitted to Subscription Monitor: ProductID=>8219,ProductID=>8219,ProductID=>2025,
[03/28/21 06:49 PM ][Subscription Client] [28/03/2021 18:49:52] DEBUG: The connection to SRS failed.  This is a primary license, therefore this connection error is ignored.
[03/29/21 01:39 PM ]----------------------------------------
[03/29/21 01:39 PM ]Operating System: Windows
[03/29/21 01:39 PM ]Current User: user
[03/29/21 01:39 PM ]System Registration Key: 7952140
[03/29/21 01:39 PM ]Node Lock: 76RZQVUXDOVBB5Z
[03/29/21 01:39 PM ]
[03/29/21 01:39 PM ]----------------------------------------
[03/29/21 01:39 PM ]
[03/29/21 01:39 PM ]
[03/29/21 01:39 PM ]License: RAD Studio 10.2 Tokyo Architect
[03/29/21 01:39 PM ]Registration Key=7952140
[03/29/21 01:39 PM ]Serial Number=CNFA-NAADND-FCBBCL-FCPN
[03/29/21 01:39 PM ]
[03/29/21 01:39 PM ]
[03/29/21 01:39 PM ]License: RAD Studio 10.2
[03/29/21 01:39 PM ]Registration Key=0
[03/29/21 01:39 PM ][Subscription Client] [29/03/2021 13:39:56] DEBUG: License verification thread has started.  The following ids have been submitted to Subscription Monitor: ProductID=>8219,ProductID=>8219,ProductID=>2025,
[03/29/21 01:39 PM ][Subscription Client] [29/03/2021 13:39:58] DEBUG: The connection to SRS failed.  This is a primary license, therefore this connection error is ignored.
[03/29/21 05:12 PM ]----------------------------------------
[03/29/21 05:12 PM ]Operating System: Windows
[03/29/21 05:12 PM ]Current User: user
[03/29/21 05:12 PM ]System Registration Key: 7952140
[03/29/21 05:12 PM ]Node Lock: 76RZQVUXDOVBB5Z
[03/29/21 05:12 PM ]
[03/29/21 05:12 PM ]----------------------------------------
[03/29/21 05:12 PM ]
[03/29/21 05:12 PM ]
[03/29/21 05:12 PM ]License: RAD Studio 10.2 Tokyo Architect
[03/29/21 05:12 PM ]Registration Key=7952140
[03/29/21 05:12 PM ]Serial Number=CNFA-NAADND-FCBBCL-FCPN
[03/29/21 05:12 PM ]
[03/29/21 05:12 PM ]
[03/29/21 05:12 PM ]License: RAD Studio 10.2
[03/29/21 05:12 PM ]Registration Key=0
[03/29/21 05:12 PM ][Subscription Client] [29/03/2021 17:12:59] DEBUG: License verification thread has started.  The following ids have been submitted to Subscription Monitor: ProductID=>8219,ProductID=>8219,ProductID=>2025,
[03/29/21 05:13 PM ][Subscription Client] [29/03/2021 17:13:01] DEBUG: The connection to SRS failed.  This is a primary license, therefore this connection error is ignored.
[03/29/21 05:16 PM ]----------------------------------------
[03/29/21 05:16 PM ]Operating System: Windows
[03/29/21 05:16 PM ]Current User: user
[03/29/21 05:16 PM ]System Registration Key: 7952140
[03/29/21 05:16 PM ]Node Lock: 76RZQVUXDOVBB5Z
[03/29/21 05:16 PM ]
[03/29/21 05:16 PM ]----------------------------------------
[03/29/21 05:16 PM ]
[03/29/21 05:16 PM ]
[03/29/21 05:16 PM ]License: RAD Studio 10.2 Tokyo Architect
[03/29/21 05:16 PM ]Registration Key=7952140
[03/29/21 05:16 PM ]Serial Number=CNFA-NAADND-FCBBCL-FCPN
[03/29/21 05:16 PM ]
[03/29/21 05:16 PM ]
[03/29/21 05:16 PM ]License: RAD Studio 10.2
[03/29/21 05:16 PM ]Registration Key=0
[03/29/21 05:16 PM ][Subscription Client] [29/03/2021 17:16:11] DEBUG: License verification thread has started.  The following ids have been submitted to Subscription Monitor: ProductID=>8219,ProductID=>8219,ProductID=>2025,
[03/29/21 05:16 PM ][Subscription Client] [29/03/2021 17:16:13] DEBUG: The connection to SRS failed.  This is a primary license, therefore this connection error is ignored.
[03/29/21 05:21 PM ]----------------------------------------
[03/29/21 05:21 PM ]Operating System: Windows
[03/29/21 05:21 PM ]Current User: user
[03/29/21 05:21 PM ]System Registration Key: 7952140
[03/29/21 05:21 PM ]Node Lock: 76RZQVUXDOVBB5Z
[03/29/21 05:21 PM ]
[03/29/21 05:21 PM ]----------------------------------------
[03/29/21 05:21 PM ]
[03/29/21 05:21 PM ]
[03/29/21 05:21 PM ]License: RAD Studio 10.2 Tokyo Architect
[03/29/21 05:21 PM ]Registration Key=7952140
[03/29/21 05:21 PM ]Serial Number=CNFA-NAADND-FCBBCL-FCPN
[03/29/21 05:21 PM ]
[03/29/21 05:21 PM ]
[03/29/21 05:21 PM ]License: RAD Studio 10.2
[03/29/21 05:21 PM ]Registration Key=0
[03/29/21 05:21 PM ][Subscription Client] [29/03/2021 17:21:58] DEBUG: License verification thread has started.  The following ids have been submitted to Subscription Monitor: ProductID=>8219,ProductID=>8219,ProductID=>2025,
[03/29/21 05:22 PM ][Subscription Client] [29/03/2021 17:22:00] DEBUG: The connection to SRS failed.  This is a primary license, therefore this connection error is ignored.
[03/29/21 05:26 PM ]----------------------------------------
[03/29/21 05:26 PM ]Operating System: Windows
[03/29/21 05:26 PM ]Current User: user
[03/29/21 05:26 PM ]System Registration Key: 7952140
[03/29/21 05:26 PM ]Node Lock: 76RZQVUXDOVBB5Z
[03/29/21 05:26 PM ]
[03/29/21 05:26 PM ]----------------------------------------
[03/29/21 05:26 PM ]
[03/29/21 05:26 PM ]
[03/29/21 05:26 PM ]License: RAD Studio 10.2 Tokyo Architect
[03/29/21 05:26 PM ]Registration Key=7952140
[03/29/21 05:26 PM ]Serial Number=CNFA-NAADND-FCBBCL-FCPN
[03/29/21 05:26 PM ]
[03/29/21 05:26 PM ]
[03/29/21 05:26 PM ]License: RAD Studio 10.2
[03/29/21 05:26 PM ]Registration Key=0
[03/29/21 05:26 PM ][Subscription Client] [29/03/2021 17:26:20] DEBUG: License verification thread has started.  The following ids have been submitted to Subscription Monitor: ProductID=>8219,ProductID=>8219,ProductID=>2025,
[03/29/21 05:26 PM ][Subscription Client] [29/03/2021 17:26:22] DEBUG: The connection to SRS failed.  This is a primary license, therefore this connection error is ignored.
[03/30/21 05:46 PM ]----------------------------------------
[03/30/21 05:46 PM ]Operating System: Windows
[03/30/21 05:46 PM ]Current User: user
[03/30/21 05:46 PM ]System Registration Key: 7952140
[03/30/21 05:46 PM ]Node Lock: 76RZQVUXDOVBB5Z
[03/30/21 05:46 PM ]
[03/30/21 05:46 PM ]----------------------------------------
[03/30/21 05:46 PM ]
[03/30/21 05:46 PM ]
[03/30/21 05:46 PM ]License: RAD Studio 10.2 Tokyo Architect
[03/30/21 05:46 PM ]Registration Key=7952140
[03/30/21 05:46 PM ]Serial Number=CNFA-NAADND-FCBBCL-FCPN
[03/30/21 05:46 PM ]
[03/30/21 05:46 PM ]
[03/30/21 05:46 PM ]License: RAD Studio 10.2
[03/30/21 05:46 PM ]Registration Key=0
[03/30/21 05:46 PM ][Subscription Client] [30/03/2021 17:46:16] DEBUG: License verification thread has started.  The following ids have been submitted to Subscription Monitor: ProductID=>8219,ProductID=>8219,ProductID=>2025,
[03/30/21 05:46 PM ][Subscription Client] [30/03/2021 17:46:18] DEBUG: The connection to SRS failed.  This is a primary license, therefore this connection error is ignored.
[03/30/21 05:47 PM ]----------------------------------------
[03/30/21 05:47 PM ]Operating System: Windows
[03/30/21 05:47 PM ]Current User: user
[03/30/21 05:47 PM ]System Registration Key: 7952140
[03/30/21 05:47 PM ]Node Lock: 76RZQVUXDOVBB5Z
[03/30/21 05:47 PM ]
[03/30/21 05:47 PM ]----------------------------------------
[03/30/21 05:47 PM ]
[03/30/21 05:47 PM ]
[03/30/21 05:47 PM ]License: RAD Studio 10.2 Tokyo Architect
[03/30/21 05:47 PM ]Registration Key=7952140
[03/30/21 05:47 PM ]Serial Number=CNFA-NAADND-FCBBCL-FCPN
[03/30/21 05:47 PM ]
[03/30/21 05:47 PM ]
[03/30/21 05:47 PM ]License: RAD Studio 10.2
[03/30/21 05:47 PM ]Registration Key=0
[03/30/21 05:47 PM ][Subscription Client] [30/03/2021 17:47:22] DEBUG: License verification thread has started.  The following ids have been submitted to Subscription Monitor: ProductID=>8219,ProductID=>8219,ProductID=>2025,
[03/30/21 05:47 PM ][Subscription Client] [30/03/2021 17:47:24] DEBUG: The connection to SRS failed.  This is a primary license, therefore this connection error is ignored.
[03/30/21 05:48 PM ]----------------------------------------
[03/30/21 05:48 PM ]Operating System: Windows
[03/30/21 05:48 PM ]Current User: user
[03/30/21 05:48 PM ]System Registration Key: 7952140
[03/30/21 05:48 PM ]Node Lock: 76RZQVUXDOVBB5Z
[03/30/21 05:48 PM ]
[03/30/21 05:48 PM ]----------------------------------------
[03/30/21 05:48 PM ]
[03/30/21 05:48 PM ]
[03/30/21 05:48 PM ]License: RAD Studio 10.2 Tokyo Architect
[03/30/21 05:48 PM ]Registration Key=7952140
[03/30/21 05:48 PM ]Serial Number=CNFA-NAADND-FCBBCL-FCPN
[03/30/21 05:48 PM ]
[03/30/21 05:48 PM ]
[03/30/21 05:48 PM ]License: RAD Studio 10.2
[03/30/21 05:48 PM ]Registration Key=0
[03/30/21 05:48 PM ][Subscription Client] [30/03/2021 17:48:35] DEBUG: License verification thread has started.  The following ids have been submitted to Subscription Monitor: ProductID=>8219,ProductID=>8219,ProductID=>2025,
[03/30/21 05:48 PM ][Subscription Client] [30/03/2021 17:48:37] DEBUG: The connection to SRS failed.  This is a primary license, therefore this connection error is ignored.
